# ../espresso -t bca
# UC Berkeley, Espresso Version #2.3, Release date 01/31/88
# READ       	Time was 0.01 sec, cost is c=301(301) in=4525 out=1380 tot=5905
# COMPL      	Time was 0.39 sec, cost is c=2583(1815) in=11237 out=35079 tot=46316
# PLA is bca with 26 inputs and 46 outputs
# ON-set cost is  c=301(301) in=4525 out=1380 tot=5905
# OFF-set cost is c=2583(1815) in=11237 out=35079 tot=46316
# DC-set cost is  c=106(106) in=1593 out=859 tot=2452
# SETUP      	Time was 0.00 sec, cost is c=1380(1380) in=20747 out=1380 tot=22127
# EXPAND     	Time was 0.42 sec, cost is c=190(0) in=2651 out=1493 tot=4144
# IRRED      	Time was 0.01 sec, cost is c=182(0) in=2543 out=1425 tot=3968
# ESSEN      	Time was 0.02 sec, cost is c=144(0) in=2022 out=1120 tot=3142
# REDUCE     	Time was 0.01 sec, cost is c=38(35) in=551 out=132 tot=683
# EXPAND     	Time was 0.04 sec, cost is c=37(0) in=509 out=306 tot=815
# IRRED      	Time was 0.00 sec, cost is c=37(0) in=509 out=306 tot=815
# REDUCE     	Time was 0.00 sec, cost is c=37(32) in=534 out=137 tot=671
# EXPAND     	Time was 0.04 sec, cost is c=36(0) in=498 out=305 tot=803
# IRRED      	Time was 0.00 sec, cost is c=36(0) in=498 out=305 tot=803
# REDUCE     	Time was 0.01 sec, cost is c=36(33) in=521 out=138 tot=659
# EXPAND     	Time was 0.03 sec, cost is c=36(0) in=498 out=305 tot=803
# IRRED      	Time was 0.01 sec, cost is c=36(0) in=498 out=305 tot=803
# REDUCE_GASP	Time was 0.00 sec, cost is c=36(36) in=530 out=136 tot=666
# EXPAND_GASP	Time was 0.04 sec, cost is c=0(0) in=0 out=0 tot=0
# IRRED_GASP 	Time was 0.00 sec, cost is c=36(0) in=498 out=305 tot=803
# ADJUST     	Cost is c=180(0) in=2520 out=1425 tot=3945
# MV_REDUCE  	Time was 0.03 sec, cost is c=180(120) in=2520 out=745 tot=3265
# RAISE_IN   	Time was 0.14 sec, cost is c=180(0) in=2519 out=745 tot=3264
# MV_REDUCE  	Time was 0.01 sec, cost is c=180(0) in=2519 out=745 tot=3264
# VERIFY     	Time was 0.01 sec, cost is c=180(0) in=2519 out=745 tot=3264
# READ       	 1 call(s) for 0.01 sec ( 0.8%)
# COMPL      	 1 call(s) for 0.39 sec (31.9%)
# ESSEN      	 1 call(s) for 0.02 sec ( 1.6%)
# EXPAND     	 4 call(s) for 0.53 sec (43.4%)
# IRRED      	 4 call(s) for 0.02 sec ( 1.6%)
# REDUCE     	 3 call(s) for 0.02 sec ( 1.6%)
# EXPAND_GASP	 1 call(s) for 0.04 sec ( 3.2%)
# IRRED_GASP 	 1 call(s) for 0.00 sec ( 0.0%)
# REDUCE_GASP	 1 call(s) for 0.00 sec ( 0.0%)
# MV_REDUCE  	 2 call(s) for 0.04 sec ( 3.2%)
# RAISE_IN   	 1 call(s) for 0.14 sec (11.4%)
# VERIFY     	 1 call(s) for 0.01 sec ( 0.8%)
# ESPRESSO	Time was 1.25 sec, cost is c=180(0) in=2519 out=745 tot=3264
.i 26
.o 46
.p 180
0010110-011--------1--0111 0000000000000000000000000000000000011100000000
00000101100--------0--0001 0000000000000000000010000000000000000000000000
0010110-011-----------0111 0000000000000000000000000000000100000000000000
00101110000--------1--0010 0000000000000000000000000000000000011100000000
00101100011-----------0-10 0000100000000000000000000000000000000000000000
00000000000-----------0011 0000000000000000001000000000000000000000000000
11100111110-----------0001 0000000000000000000000000000000000000000000001
00101110000--------0--0010 0000100000000001101000000001010100000000000000
00010100100-----------0000 0000000000000000000000000010000000000000000000
11100111110-----------0011 0000100000000000100100000000000100000000000000
01011100000-----------0000 0000000000000000000000000010000000000000000000
000001011-0--------1--0001 0000000000000000000000000000001000011000000000
11110010110-----------0001 0000000000000000000000000010000000000000000001
11-00011100-----------0011 0000000000000000000000000000000100000000000000
11100111110-----------0010 0000100000000000001010101000000000000000000000
0111110001------------0010 0000000000000000010000000000000000000000000000
0111110001------------0011 0000000000000000100000000000000000000001000000
00111111101-----------0010 0000100000000000001000100000000000000000000000
11011011101-----------0001 0000010100000000000000001100000000000000000000
00010101111-----------0000 0000000000000000000000000000000000011100000000
01111001010-----------0010 0000000000000000000000000000000001100000000000
11-00010110-----------0001 0000000000000000000000000000000000000000000001
0010110-011-----------0001 0000000000000000000000000000000000000000000001
0010110-011-----------0110 0001110000000010100000100101010000000000000000
0010110-011-----------0100 0000100000000000100000001100000000000000000000
00010101000-----------0000 0000000000000000000000000010000000000000000000
1100001-110-----------0001 0000000000000000000000000000000000000000000001
11011011111-----------0001 0000010001000000000000001100000000000000000000
11011011100-----------0001 0000010010000000000000001100000000000000000000
00000011110-----------0000 0000000000000000000000000010000000000000000000
1-000011000-----------0110 0000100000000000100000000011010000000000110000
000001011-0-----------0000 0000000000000000000000000001000001100000000000
00111111101-----------0000 0000000000000000000000000000000000011100000000
01111-00011-----------0001 0000000000000000000000010100000000000000000001
11011011001-----------0001 0000010000010000000000001100000000000000000000
11-00011000-----------0101 0000100000000001010000000001100000000000000000
0010110-011-----------0011 0000100000000000111000000000000000000000000000
11011011011-----------0001 0000010000000100000000001100000000000000000000
1-000011000-----------0101 0000100000000001010000000001100000000000000000
00011011001-----------0010 0000000000000000000000000000000100011000000000
11011011110-----------0001 0000010000100000000000001100000000000000000000
0010110-011-----------0010 0000001011111110000000000001110000000000000000
1100001-110-----------0011 0000100000000000100100000000000100000000000000
00111100-01-----------0000 0000000000000000000000000000000000011100000000
011110-1011-----------0100 0000000000000000000000000000000000011100000000
000-0110111-----------0000 0000000000000000000000000000000000011100000000
000001011-0--------0--0001 0000100000000000100100101000001100000000000000
0010110-011-----------0000 0000010000010110000000010000000000000000000000
00001101001-----------0001 0000010000100110000000010010001000000000000000
00000-10111-----------0000 0000000000000000000000000000000000011100000000
01001110010-----------0000 0000000000000000000000000001001001100000000000
00000000000-----------0100 0000100000000000101010000000001100000000000000
11011011000-----------0001 0000010000001000000000001100000000000000000000
01001110010-----------0010 0000000000000000000000000010011100011000000000
1-110011000-----------0110 0000100000000000100000000011010000000000110000
00010100100-----------000- 0000000000000000000000000000001000000000000000
1100001-110-----------0010 0000100000000000001010101000000000000000000000
11011011010-----------0001 0000010000000010000000001100000000000000000000
01011011010-----------0010 0000000000000000000000000000000100011000000000
01111-0001------------0100 0000000000000000000000000000000000011100000000
1-110011000-----------0101 0000100000000001010000000001100000000000000000
00010101111-----------000- 0000000000000000000000000000001000000000000000
00010100010-----------0000 0000100000000000000000011000110000100000000010
00000000000-----------0000 0110000000000000000100000000001000001000000000
011110-1011-----------0001 0000000000000000000000000000000000000000000001
11110011-00-----------0001 0000000000000000000000000010000000000000000001
01011100000-----------000- 0000000000000000000000000000001000000000000000
00000011001-----------0001 0000000000000000000000000010011000000000000000
01011011101-----------0001 0000100000000000001000001000000000001100000000
01010010010-----------0000 0000000000000000000000000000000000011100000000
10111011011-----------0000 0000100000000001010100000000000000000000000000
00101000111-----------0000 0000010000101000000000010010111100000000100000
11-00011000-----------0110 0000100000000000100000000011011000000000110000
01111--0010-----------0100 0000000000000000000000000000000000011100000000
11-00010110-----------0011 0000100000000000100100000000001100000000000000
00111110011-----------0000 0000010000110000000000010000000000011100000000
000-0110111-----------00-0 0000000000000000000000000000001000000000000000
00000000000-----------0001 0000010000101000000000010010011000000000000000
11-00011-00-----------0001 0000000000000000000000000000000000000000000001
0111100-01------------0100 0000000000000000000000000000000000011100000000
00001101001-----------0000 0000010000100100000000010010001000011000000000
00111111101-----------0001 0000110011100001101000000000000000000000000000
00010001010-----------0000 0000000000000000000000000000001000000000000000
00010100010-----------000- 0000000000000000000000000000001000000000000000
11100111110-----------00-- 0000000000000000000000000000001000000000000000
00011010100-----------0001 0000000000000000000000000000001100011000000000
00000-10111-----------00-0 0000000000000000000000000000001000000000000000
00100001011-----------0000 0000000000000000000000000000001000011100000000
000001011-0-----------00-0 0000000000000000000000000000001000000000000000
0011000110------------0000 0000100000000001000000000000000000000000000000
10111011000-----------0001 0000000000000000101000001000000000001100000000
00111110011-----------000- 0000000000000000000000000000001000000000000000
10000011000-----------0001 0000100000000000001001000000001000000000000000
00000011110-----------00-0 0000000000000000000000000000001000000000000000
01111110010-----------0010 0000100000000000010010000000001010100010001000
00111100-01-----------000- 0000000000000000000000000000001000000000000000
01111110010-----------0011 0000100000000000100010000000001010100011001000
11-00011-00-----------0011 0000100000000000100100000000000000000000000000
0011011100------------0010 0001010101001000000000100110000000000000000000
000-0110111-----------000- 0000000000000000000000000000001000000000000000
01111--0010-----------0001 0000000000000000000000000000000000000000000001
00010101000-----------000- 0000000000000000000000000000001000000000000000
00000-10111-----------000- 0000000000000000000000000000001000000000000000
00000000000-----------001- 0000100000000001100000000000001000000000000000
1011101100------------0000 0000100000000000000000000000000000000000000000
0111100-01------------0001 0000000000000000000000000000000000000000000001
00011001000-----------0001 0000000000000000000000000000001100011000000000
10110011-00-----------0001 0000100000000000001001000000000000000000000000
00010011100-----------0001 0000000000000000000000000000001100011000000000
01011110001-----------0000 0000100000000000100000101000001100100000000000
001000100-0-----------0000 0000000000000000000000000000000000011100000000
1-000011000-----------0011 0000100000000000100100000000001000000000000000
00011011001-----------00-0 0000000000000000000000000000001000000000000000
00111111101-----------00-- 0000000000000000000000000000001000000000000000
0011011100------------0000 0000000000000000000000000000000000011100000000
111-0010110-----------000- 0000000000000000000000000000001000000000000000
01111010010-----------0011 0000100000000000010010000000001010100011001000
01111011011-----------0011 0000100000000000010010000000001010100011001000
11-00010110-----------0010 0000100000000000001010101000001010100010000100
00101110000-----------00-- 0000000000000000000000000000001000000000000000
10-10010110-----------0010 0000100000000000100100000000001100000000000000
10111011110-----------0001 0000000000000000101000001000001000001100000000
11-00011-00-----------0010 0000100000000000001010101000000000000000000000
01111011011-----------0010 0000100000000000100010000000001010000010001000
00000011110-----------0001 0000100000000000111000000000001000000000000000
10-10010110-----------0001 0000100000000000001001000000001000000000000000
11-00011000-----------010- 0000001111111000000001000000001000000000000000
-1011011101-----------000- 0000000000000000000000000000001000000000000000
1-000011000-----------010- 0000001111111000000001000000001000000000000000
01010010010-----------000- 0000000000000000000000000000001000000000000000
011110-1011-----------0000 1010010001000000000000000000000000001100000000
00100001011-----------0001 0000100000000000010000011001011100100000000010
01111010010-----------0010 0000100000000000100010000000001010100010001000
001100010-1-----------0011 0000010000101000000000010010011100000000000000
1011101111------------0000 0000100000000000000000000000001000000000000000
10-10011100-----------0010 0000100000000000100100000000001100000000000000
0011011100------------0-00 0000000000000000000000000000001000000000000000
1-110011000-----------0011 0000100000000000100100000000001000000000000000
01001110010-----------0001 0000110001110001010100000000111000000000000000
00000011001-----------0000 0000010000100100000000010010001000011000000000
10-10011100-----------0001 0000100000000000001001000000001000000000000000
10000011000-----------0000 0000110001110000100010101100000000000000000000
1-000011000-----------0--0 0000000000000000000000000000001000000000000000
01111-0001------------0000 1010010001000000000000000000000000001100000000
1100001-110-----------00-- 0000000000000000000000000000001000000000000000
0011000110------------000- 0000000000000000000000000000001000000000000000
00011011001-----------0001 0000100000000000001010000000001011100010000000
10111011-11-----------000- 0000000000000000000000000000001000000000000000
0010110-011-----------0--- 0000000000000000000000000000001000000000000000
1-110011000-----------010- 0000001111111000000001000000001000000000000000
001100010-1-----------0000 0000010000100000000000010000001000000000000001
-1011011010-----------00-0 0000000000000000000000000000001000000000000000
01111--0010-----------0000 1010010001000000000000000000000000001100000000
001000100-0-----------000- 0000000000000000000000000000001000000000000000
001100010-1-----------0001 0000100000000001010001000001101000000000000000
001100010-1-----------0010 0000100000000000111000000001111000000000000000
01011011010-----------0001 0000100000000000001010000000001011100010000000
1-110011000-----------0--0 0000000000000000000000000000001000000000000000
1011101100------------000- 0000000000000000000000000000001000000000000000
0111100-01------------0000 1010010001000000000000000000000000001100000000
00011010100-----------0000 0000110001110001010101000000111000000000000000
011110-1011-----------0-0- 0000000000000000000000000000001000000000000000
00010011100-----------0000 0000110001110000100100000000001000000000000000
11011011--------------0011 0001110001000000011000000000000000000000000010
0111100-01------------0011 0000100000000000010010000000001010100011000000
01111-0001------------0-0- 0000000000000000000000000000001000000000000000
0111100-01------------0010 0000100000000000100010000000001010000010000000
00011001000-----------0000 0000110001110001010101000000111000000000000000
0011011100------------00-- 0000000000000000000000000000001000000000000000
10110011-00-----------0000 0000110001110000100010101100000000000000000000
11011011--------------0-00 0000000000000000000000000000001000000000000000
01111-0001------------001- 0000100000000000000010000000001010100010000000
1-110011-00-----------000- 0000000000000000000000000000001000000000000000
01111--0010-----------0-0- 0000000000000000000000000000001000000000000000
11-00011-00-----------00-- 0000000000000000000000000000001000000000000000
0111100-01------------0-0- 0000000000000000000000000000001000000000000000
10-10011100-----------0000 0000110001110000100010101100001000000000000000
10-10010110-----------0000 0000110001110000100010101100001010100010000100
11011011--------------0000 0000110001110000100100000000000000000000000000
11011011--------------00-- 0000000000000000000000000000001000000000000000
.e
# WRITE      	Time was 0.00 sec, cost is c=180(0) in=2519 out=745 tot=3264
