# ../espresso -t mlp4
# UC Berkeley, Espresso Version #2.3, Release date 01/31/88
# 4-bit by 4-bit binary multiplier
# READ       	Time was 0.00 sec, cost is c=225(225) in=1800 out=678 tot=2478
# COMPL      	Time was 0.01 sec, cost is c=245(71) in=1286 out=506 tot=1792
# PLA is mlp4 with 8 inputs and 8 outputs
# ON-set cost is  c=225(225) in=1800 out=678 tot=2478
# OFF-set cost is c=245(71) in=1286 out=506 tot=1792
# DC-set cost is  c=0(0) in=0 out=0 tot=0
# SETUP      	Time was 0.01 sec, cost is c=678(678) in=5424 out=678 tot=6102
# EXPAND     	Time was 0.05 sec, cost is c=135(0) in=834 out=304 tot=1138
# IRRED      	Time was 0.01 sec, cost is c=133(0) in=825 out=302 tot=1127
# ESSEN      	Time was 0.01 sec, cost is c=12(0) in=80 out=35 tot=115
# REDUCE     	Time was 0.00 sec, cost is c=121(80) in=790 out=156 tot=946
# EXPAND     	Time was 0.01 sec, cost is c=120(0) in=741 out=268 tot=1009
# IRRED      	Time was 0.00 sec, cost is c=120(0) in=741 out=268 tot=1009
# REDUCE     	Time was 0.01 sec, cost is c=120(79) in=787 out=160 tot=947
# EXPAND     	Time was 0.01 sec, cost is c=117(0) in=726 out=263 tot=989
# IRRED      	Time was 0.00 sec, cost is c=117(0) in=726 out=263 tot=989
# REDUCE     	Time was 0.00 sec, cost is c=117(75) in=760 out=154 tot=914
# EXPAND     	Time was 0.01 sec, cost is c=117(0) in=728 out=264 tot=992
# IRRED      	Time was 0.01 sec, cost is c=117(0) in=728 out=264 tot=992
# REDUCE_GASP	Time was 0.00 sec, cost is c=117(92) in=783 out=145 tot=928
# EXPAND_GASP	Time was 0.01 sec, cost is c=1(0) in=4 out=1 tot=5
# IRRED_GASP 	Time was 0.00 sec, cost is c=116(0) in=723 out=262 tot=985
# REDUCE     	Time was 0.01 sec, cost is c=116(72) in=759 out=162 tot=921
# EXPAND     	Time was 0.01 sec, cost is c=116(0) in=721 out=261 tot=982
# IRRED      	Time was 0.00 sec, cost is c=116(0) in=721 out=261 tot=982
# REDUCE_GASP	Time was 0.00 sec, cost is c=116(88) in=774 out=145 tot=919
# EXPAND_GASP	Time was 0.01 sec, cost is c=0(0) in=0 out=0 tot=0
# IRRED_GASP 	Time was 0.00 sec, cost is c=116(0) in=721 out=261 tot=982
# ADJUST     	Cost is c=128(0) in=801 out=296 tot=1097
# MV_REDUCE  	Time was 0.00 sec, cost is c=128(81) in=801 out=161 tot=962
# RAISE_IN   	Time was 0.01 sec, cost is c=128(0) in=740 out=161 tot=901
# MV_REDUCE  	Time was 0.00 sec, cost is c=128(5) in=740 out=156 tot=896
# RAISE_IN   	Time was 0.00 sec, cost is c=128(0) in=735 out=156 tot=891
# MV_REDUCE  	Time was 0.00 sec, cost is c=128(0) in=735 out=156 tot=891
# VERIFY     	Time was 0.01 sec, cost is c=128(0) in=735 out=156 tot=891
# READ       	 1 call(s) for 0.00 sec ( 0.0%)
# COMPL      	 1 call(s) for 0.01 sec ( 5.2%)
# ESSEN      	 1 call(s) for 0.01 sec ( 5.2%)
# EXPAND     	 5 call(s) for 0.09 sec (47.1%)
# IRRED      	 5 call(s) for 0.02 sec (10.4%)
# REDUCE     	 4 call(s) for 0.02 sec (10.4%)
# EXPAND_GASP	 2 call(s) for 0.02 sec (10.4%)
# IRRED_GASP 	 2 call(s) for 0.00 sec ( 0.0%)
# REDUCE_GASP	 2 call(s) for 0.00 sec ( 0.0%)
# MV_REDUCE  	 3 call(s) for 0.00 sec ( 0.0%)
# RAISE_IN   	 2 call(s) for 0.01 sec ( 5.2%)
# VERIFY     	 1 call(s) for 0.01 sec ( 5.2%)
# ESPRESSO	Time was 0.20 sec, cost is c=128(0) in=735 out=156 tot=891
.i 8
.o 8
.p 128
00110011 00001000
01010101 00011000
10111101 00001000
11011011 00001000
10101100 01110000
10-0001- 00010000
01101010 00111000
10111011 00011000
10011-01 00010000
0011011- 00010000
1-001010 01010000
011-0011 00010000
1-000101 00101000
10-00110 00110000
101110-1 00100000
11011-01 00100000
10-11011 00100000
1-011001 01010000
011101-1 00100000
1-0-1110 00100000
01111-0- 00010000
01-10111 00100000
110-1101 00001000
110-0110 01001000
0-110111 00010000
1110101- 10001000
0101101- 00110000
101-0101 00110000
010-1-00 00100000
001-10-0 00010000
001-010- 00001000
010-001- 00001000
01-0010- 00010000
010-01-0 00010000
110-0111 01010000
11-01001 01101000
-1001111 00110000
0-1-100- 00010000
0100-1-- 00010000
001111-- 00100000
100-110- 01100000
11101-0- 00100000
11--1000 01100000
111--100 00100000
101-101- 00100000
11--1011 10000000
10001-1- 01010000
111-00-1 00001000
11--0011 00100000
100-1-10 01010000
011-011- 00100000
1000-1-1 00101000
111-0-10 00010000
0-10111- 00010000
--111000 00011000
11-101-1 01000000
01-111-1 01000000
-1001-10 00101000
100-01-1 00101000
01111-1- 01000000
1-11011- 01000000
01-1111- 01000000
100--110 00110000
111-01-1 01000000
011-1-11 01000000
100-0-11 00011000
1-1-0111 01000000
11111--1 10000000
-0111-11 00100000
1-11-011 00100000
11110--1 00001000
01111--1 00001000
1--11111 10000000
1111--10 00010000
0-11111- 00100000
11101--1 00010000
1--10111 00001000
0--11111 00001000
-11-0111 00100000
1--11110 00010000
--101111 00010000
1111-1-1 01000000
11-1-111 01000000
10-0-0-1 00001000
-010-1-0 00001000
00011--- 00001000
--011-00 00001000
--10-100 00001000
0--1100- 00001000
01001--- 00100000
-100-10- 00010000
0100--1- 00001000
01--100- 00100000
--10100- 00010000
00101--- 00010000
1---0001 00001000
--111111 00100000
--1-0100 00001000
-1--0010 00001000
1---0100 00100000
-1--0100 00010000
1---0010 00010000
-0-11-10 00001000
-1-1-100 00010000
-1-10-10 00001000
0-10-1-1 00001000
011-11-- 01000000
1-1111-- 10000000
11-11-1- 10000000
1-1-11-1 10000000
1-1-111- 10000000
--01-1-0 00000100
-100---1 00000100
---1-100 00000100
-1-0--01 00000100
-010--1- 00000100
111--11- 01000000
--10--10 00000100
--1--010 00000100
10--10-- 01000000
-1-1-0-1 00000100
-0-1-1-1 00000100
11--11-- 10000000
--10---1 00000010
--01--1- 00000010
---1--10 00000010
--1---01 00000010
---1---1 00000001
.e
# WRITE      	Time was 0.00 sec, cost is c=128(0) in=735 out=156 tot=891
