# ../espresso -t tial
# UC Berkeley, Espresso Version #2.3, Release date 01/31/88
# READ       	Time was 0.01 sec, cost is c=640(640) in=4983 out=644 tot=5627
# COMPL      	Time was 0.05 sec, cost is c=551(492) in=3671 out=778 tot=4449
# PLA is tial with 14 inputs and 8 outputs
# ON-set cost is  c=640(640) in=4983 out=644 tot=5627
# OFF-set cost is c=551(492) in=3671 out=778 tot=4449
# DC-set cost is  c=0(0) in=0 out=0 tot=0
# SETUP      	Time was 0.01 sec, cost is c=644(644) in=5005 out=644 tot=5649
# EXPAND     	Time was 0.13 sec, cost is c=640(0) in=4983 out=2080 tot=7063
# IRRED      	Time was 0.13 sec, cost is c=588(0) in=4545 out=1960 tot=6505
# ESSEN      	Time was 0.41 sec, cost is c=220(0) in=1949 out=979 tot=2928
# REDUCE     	Time was 0.14 sec, cost is c=368(328) in=3487 out=450 tot=3937
# EXPAND     	Time was 0.08 sec, cost is c=365(0) in=2644 out=1030 tot=3674
# IRRED      	Time was 0.06 sec, cost is c=365(0) in=2644 out=1030 tot=3674
# REDUCE     	Time was 0.19 sec, cost is c=365(319) in=3429 out=477 tot=3906
# EXPAND     	Time was 0.07 sec, cost is c=364(0) in=2647 out=1043 tot=3690
# IRRED      	Time was 0.06 sec, cost is c=364(0) in=2647 out=1043 tot=3690
# REDUCE     	Time was 0.13 sec, cost is c=364(325) in=3442 out=442 tot=3884
# EXPAND     	Time was 0.08 sec, cost is c=364(0) in=2652 out=1043 tot=3695
# IRRED      	Time was 0.06 sec, cost is c=364(0) in=2652 out=1043 tot=3695
# REDUCE_GASP	Time was 0.15 sec, cost is c=364(341) in=3700 out=390 tot=4090
# EXPAND_GASP	Time was 0.07 sec, cost is c=2(0) in=18 out=8 tot=26
# IRRED_GASP 	Time was 0.07 sec, cost is c=361(0) in=2628 out=1025 tot=3653
# REDUCE     	Time was 0.18 sec, cost is c=361(313) in=3373 out=473 tot=3846
# EXPAND     	Time was 0.07 sec, cost is c=361(0) in=2625 out=1027 tot=3652
# IRRED      	Time was 0.07 sec, cost is c=361(0) in=2625 out=1027 tot=3652
# REDUCE_GASP	Time was 0.15 sec, cost is c=361(337) in=3641 out=387 tot=4028
# EXPAND_GASP	Time was 0.07 sec, cost is c=0(0) in=0 out=0 tot=0
# IRRED_GASP 	Time was 0.00 sec, cost is c=361(0) in=2625 out=1027 tot=3652
# ADJUST     	Cost is c=581(0) in=4574 out=2006 tot=6580
# MV_REDUCE  	Time was 0.10 sec, cost is c=581(435) in=4574 out=664 tot=5238
# RAISE_IN   	Time was 0.09 sec, cost is c=581(0) in=4500 out=664 tot=5164
# MV_REDUCE  	Time was 0.02 sec, cost is c=581(12) in=4500 out=652 tot=5152
# RAISE_IN   	Time was 0.00 sec, cost is c=581(0) in=4500 out=652 tot=5152
# VERIFY     	Time was 0.06 sec, cost is c=581(0) in=4500 out=652 tot=5152
# READ       	 1 call(s) for 0.01 sec ( 0.3%)
# COMPL      	 1 call(s) for 0.05 sec ( 1.8%)
# ESSEN      	 1 call(s) for 0.41 sec (15.1%)
# EXPAND     	 5 call(s) for 0.43 sec (15.9%)
# IRRED      	 5 call(s) for 0.38 sec (14.0%)
# REDUCE     	 4 call(s) for 0.64 sec (23.6%)
# EXPAND_GASP	 2 call(s) for 0.14 sec ( 5.1%)
# IRRED_GASP 	 2 call(s) for 0.07 sec ( 2.5%)
# REDUCE_GASP	 2 call(s) for 0.30 sec (11.1%)
# MV_REDUCE  	 2 call(s) for 0.12 sec ( 4.4%)
# RAISE_IN   	 2 call(s) for 0.09 sec ( 3.3%)
# VERIFY     	 1 call(s) for 0.06 sec ( 2.2%)
# ESPRESSO	Time was 2.73 sec, cost is c=581(0) in=4500 out=652 tot=5152
.i 14
.o 8
.p 581
10010101000110 00010000
10011010001001 00010000
10100110000110 00010000
10101001001001 00010000
1000-011001011 00010000
1000-100000111 00010000
100010110010-1 00010000
1000010000011- 00010000
110100-1000010 00010000
110111-0000001 00010000
10110-11000010 00010000
10111-00000001 00010000
110011010010-1 00010000
1100001000011- 00010000
110-1110000101 00010000
110-0001001010 00010000
11010011000-10 00010000
1101110000-001 00010000
10110111000-10 00010000
1011100000-001 00010000
000110010001-0 00010100
0001011000100- 00010100
010011000001-0 00010100
0100001100100- 00010100
001010100001-0 00010100
0010010100100- 00010100
010111010001-0 00010100
001110110001-0 00010100
0101001000100- 00010100
0011010000100- 00010100
011011100001-0 00010100
0110000100100- 00010100
1100--01001011 00010000
1100--10000111 00010000
10--0011001010 00010000
10--1100000101 00010000
1001100110-1-0 00010000
10010110101-0- 00010000
1100110010-1-0 00010000
11000011101-0- 00010000
1010101010-1-0 00010000
10100101101-0- 00010000
1101110110-1-0 00010000
1011101110-1-0 00010000
11010010101-0- 00010000
10110100101-0- 00010000
0111011110-1-0 00010000
1110111010-1-0 00010000
01111000101-0- 00010000
11100001101-0- 00010000
000001110010-- 00010100
000010000001-- 00010100
00011110101-0- 00010100
0001000110-1-0 00010100
1000100010-1-0 00010100
10000111101-0- 00010100
0111-1110000-0 00010100
0100010010-1-0 00010100
0010001010-1-0 00010100
0111-00000000- 00010100
01111111000--0 00010100
0101010110-1-0 00010100
0111000000-00- 00010100
01011010101-0- 00010100
0011001110-1-0 00010100
00111100101-0- 00010100
0110011010-1-0 00010100
01101001101-0- 00010100
00011110-10-1- 00010000
00010001-1-0-1 00010000
10000111-10-1- 00010000
10001000-1-0-1 00010000
01001011-10-1- 00010000
01000100-1-0-1 00010000
00101101-10-1- 00010000
00100010-1-0-1 00010000
01001011101-0- 00011100
00101101101-0- 00011100
10011001-1-0-1 00010000
10010110-10-1- 00010000
01011010-10-1- 00010000
01010101-1-0-1 00010000
11001100-1-0-1 00010000
00111100-10-1- 00010000
11000011-10-1- 00010000
00110011-1-0-1 00010000
10101010-1-0-1 00010000
10100101-10-1- 00010000
01101001-10-1- 00010000
01100110-1-0-1 00010000
11011101-1-0-1 00010000
11010010-10-1- 00010000
10111011-1-0-1 00010000
10110100-10-1- 00010000
01110111-1-0-1 00010000
01111000-10-1- 00010000
11101110-1-0-1 00010000
11100001-10-1- 00010000
111011100--0-1 00010000
111000010-0-1- 00010000
00001111101--- 00010000
0000000010-1-- 00010000
0-1110--000100 00010100
0-1101--001000 00010100
01-11-0-000100 00010100
01-10-1-001000 00010100
011-1--0000100 00010100
011-0--1001000 00010100
00001111-10--- 00010000
00000000-1-0-- 00010000
1111111110---0 00010100
1111000010--0- 00010100
11111111-1---1 00010000
11110000-1--1- 00010000
111-11110-0--1 00010000
111-00000--01- 00010000
111111110----1 00010000
111100000---1- 00010000
0111----000000 00010100
0---01110010-0 00010100
0---100000010- 00010100
0-0-110--001-0 00100000
0-0-001--0100- 00100000
1--01110--10-1 00000100
1--00001--011- 00000100
1-1011-0--10-1 00000100
1-1000-1--011- 00000100
11-01-10--10-1 00000100
11-00-01--011- 00000100
--0011-010-1-0 00000100
101-101-10-1-- 00100000
101-010-101--- 00100000
--0000-1101-0- 00000100
-0-01-1010-1-0 00000100
-0-00-01101-0- 00000100
-0-0-110-001-0 00000100
-0-0-001-0100- 00000100
---0000-10110- 00010000
---0111010-1-0 00000100
---1111-101-00 00010000
---00001101-0- 00000100
---1000-10-100 00010000
--1-11-1101-00 00010000
0----00010110- 00010000
--1-00-010-100 00010000
-1--1-11101-00 00010000
-1--0-0010-100 00010000
1----111101-00 00010000
-1111---101-00 00010000
-1110---10-100 00010000
1----00010-100 00010000
1-11-1--101-00 00010000
1-11-0--10-100 00010000
11-1--1-101-00 00010000
11-1--0-10-100 00010000
111----1101-00 00010000
111----010-100 00010000
-0000---10110- 00010100
0-00-0--10110- 00010100
000----010110- 00010100
--0011--1011-0 00010100
00-0--0-10110- 00010100
-00-1--11011-0 00010100
-0-01-1-1011-0 00010100
0-0--1-11011-0 00010100
0--0-11-1011-0 00010100
00----111011-0 00010100
--0-00-010110- 00010100
-0--0-0010110- 00010100
--0011---100-1 00010000
-00-1--1-100-1 00010000
--0000---1001- 00010000
-00-0--0-1001- 00010000
-0-01-1--100-1 00010000
0-0--1-1-100-1 00010000
-0-00-0--1001- 00010000
0-0--0-0-1001- 00010000
0--0-11--100-1 00010000
0--0-00--1001- 00010000
00----11-100-1 00010000
00----00-1001- 00010000
--1111---10-11 00010000
--1100---1-011 00010000
-1-11-1--10-11 00010000
-1-10-0--1-011 00010000
1--1-11--10-11 00010000
1-0-110---10-1 00100000
1--1-00--1-011 00010000
-11-1--1-10-11 00010000
1-0-001---011- 00100000
-11-0--0-1-011 00010000
1-1--1-1-10-11 00010000
1-1--0-0-1-011 00010000
11----11-10-11 00010000
11----00-1-011 00010000
-00-1-0-10-1-0 00100000
000-1-0--001-- 00100000
000-0-1--010-- 00100000
-00-0-1-101-0- 00100000
0-0--10-10-1-0 00100000
0-0--01-101-0- 00100000
0---011--010-0 00100000
0---100--0010- 00100000
111----10-0-11 00010000
111----00--011 00010000
--0-110-10-1-0 00100000
001-1-1--00--0 00100000
--0-001-101-0- 00100000
001-0-0--0-00- 00100000
---011100-10-- 00000100
---111110-1--1 00000100
---000010-01-- 00000100
---111100-1-1- 00000100
--1011-00-10-- 00000100
---100010--1-1 00000100
--1000-10-01-- 00000100
--1111-10-1--1 00000100
---100000--11- 00000100
-1-01-100-10-- 00000100
--1100-00--11- 00000100
-1-00-010-01-- 00000100
-1-11-110-1--1 00000100
1--0-1100-10-- 00000100
0-1-111--00--0 00100000
-1101--00-10-- 00000100
1--0-0010-01-- 00000100
-1100--10-01-- 00000100
0-1-011--0-0-0 00100000
1--1-1110-1--1 00000100
-1-10-000--11- 00000100
-1111--10-1--1 00000100
0-1-100--00-0- 00100000
1-10-1-00-10-- 00000100
1-10-0-10-01-- 00000100
1--1-0000--11- 00000100
0-1-000--0-00- 00100000
-1110--00--11- 00000100
1-11-1-10-1--1 00000100
1-11-0-00--11- 00000100
11-0--100-10-- 00000100
11-0--010-01-- 00000100
-1-0-110--10-1 00000100
11-1--110-1--1 00000100
-1-0-001--011- 00000100
11-1--000--11- 00000100
0000----1011-- 00010000
11101--0---0-1 00000100
1---1001--01-1 00000100
11100--1--0-1- 00000100
1---0110--101- 00000100
0000---1101--- 00000100
0000---010-1-- 00000100
1--11111--1--1 00000100
1-1111-1--1--1 00000100
1--10000---11- 00000100
-000-0-1-010-- 00000100
-000-1-0-001-- 00000100
1-1100-0---11- 00000100
-0011--110---0 00000100
11-11-11--1--1 00000100
11-10-00---11- 00000100
-0-1--11-000-0 00000100
-001-1-1-00--0 00000100
-0010--010--0- 00000100
-0-1--00-0000- 00000100
-001-0-0-0-00- 00000100
--0111-110---0 00000100
--0100-010--0- 00000100
-0---011-010-0 00000100
-0-11-1110---0 00000100
0----111101--0 00000100
-0---100-0010- 00000100
-0-1-111-00--0 00000100
-0-10-0010--0- 00000100
0----00010-10- 00000100
0--1-11110---0 00000100
-0-1-000-0-00- 00000100
0--1-00010--0- 00000100
1111----10--00 00010000
0-00-0--11--0- 00001000
00-0--0-11--0- 00001000
0-0011----0--0 00001000
000-1--1--0--0 00001000
0-0000-----00- 00001000
000-0--0---00- 00001000
00-01-1---0--0 00001000
----1111101--0 00010100
0000-----100-- 00010000
00-00-0----00- 00001000
----000010-10- 00010100
0-0-11-1--0--0 00001000
0--0111---0--0 00001000
0-0-00-0---00- 00001000
00--1-11--0--0 00001000
0--0000----00- 00001000
00--0-00---00- 00001000
--0-110-0-10-- 00100000
00--0-111----0 00001000
--0-001-0-01-- 00100000
-10-1-0-0-10-- 00100000
0---1111--0--0 00001000
-10-0-1-0-01-- 00100000
0---0111---0-0 00001000
1-0--10-0-10-- 00100000
1-0--01-0-01-- 00100000
--1-111-0-1--1 00100000
0---1000--0-0- 00001000
--1-110-0-1-1- 00100000
0---0000---00- 00001000
--1-001-0--1-1 00100000
--1-000-0--11- 00100000
-0--10--10-1-0 01000000
00--10---001-- 01000000
00--01---010-- 01000000
-11-1-1-0-1--1 00100000
-0--01--101-0- 01000000
-11-0-0-0--11- 00100000
1-1--11-0-1--1 00100000
1---101---01-1 00100000
1-1--00-0--11- 00100000
1---010---101- 00100000
110-1-0----0-1 00100000
110-0-1---0-1- 00100000
----1111-10--1 00010000
01--11---00--0 01000000
----0000-1-01- 00010000
01--01---0-0-0 01000000
01--10---00-0- 01000000
01--00---0-00- 01000000
1111-----1--11 00010000
0-1-1----00-00 00100000
0-1-0----0-000 00100000
1-1-111---1--1 00100000
1-1-000----11- 00100000
000---1-101--- 00100000
000---0-10-1-- 00100000
-0--1-1-101--0 00100000
-0--0-0-10-10- 00100000
0----11-101--0 00100000
-00--01--010-- 00100000
-00--10--001-- 00100000
0----00-10-10- 00100000
001---1-10---0 00100000
001---0-10--0- 00100000
1111----0---11 00010000
----111-101--0 00100000
----000-10-10- 00100000
1--11--1--11-1 00000100
1--1-11---1-11 00000100
-01--11--00--0 00100000
1--10--0--111- 00000100
-01--01--0-0-0 00100000
1--1-00----111 00000100
-01--10--00-0- 00100000
0-1--11-10---0 00100000
-01--00--0-00- 00100000
0-1--00-10--0- 00100000
--1-111-10---0 00100000
1110---10-0--- 00000100
1110---00--0-- 00000100
-110-1-0---0-1 00000100
1111---10----1 00000100
-110-0-1--0-1- 00000100
1111---00---1- 00000100
--1-000-10--0- 00100000
-1-1-1-1--11-1 00000100
-1-1-0-0--111- 00000100
-1---101--01-1 00000100
-1---010--101- 00000100
111-1--1--0--1 00000100
-0-1-1---00-00 00000100
-1-1-111--1--1 00000100
111-0--0---01- 00000100
-0-1-0---0-000 00000100
-1-1-000---11- 00000100
--00--01-010-- 00000100
--00--10-001-- 00000100
--01--11-00--0 00000100
11111--1-----1 00000100
--01--01-0-0-0 00000100
--01--10-00-0- 00000100
11110--0----1- 00000100
--01--00-0-00- 00000100
-0--10--0-10-- 01000000
-0--01--0-01-- 01000000
-1--11--0-1--1 01000000
-1--10--0-1-1- 01000000
-1--01--0--1-1 01000000
-1--00--0--11- 01000000
-0001---1----0 00001000
00001-----0--- 00001000
00000------0-- 00001000
-0000---1---0- 00001000
10--10-----0-1 01000000
10--01----0-1- 01000000
0-00-1--1----0 00001000
000----11----0 00001000
000----01---0- 00001000
00-0--1-1----0 00001000
--0011--1----0 00001000
-00-1--11----0 00001000
--0000--1---0- 00001000
-00--1-1--0--0 00001000
-00-0--01---0- 00001000
-0-01-1-1----0 00001000
0-0--1-11----0 00001000
-00--0-0---00- 00001000
-0-0-11---0--0 00001000
-0-00-0-1---0- 00001000
--1---1-0-11-1 00100000
0-0--0-01---0- 00001000
--1---0-0-111- 00100000
0--0-11-1----0 00001000
-0-0-00----00- 00001000
0--0-00-1---0- 00001000
--0-11-11----0 00001000
00----001---0- 00001000
---0111-1----0 00001000
--0-00-01---0- 00001000
-0--1-111----0 00001000
---0000-1---0- 00001000
-0---111--0--0 00001000
-1-1-11---1--1 00000010
-0---011---0-0 00001000
-0--0-001---0- 00001000
-1---111--1--1 00000010
1-1--1----1-11 00100000
-1-1-00----11- 00000010
-1---011--1-1- 00000010
1-1--0-----111 00100000
-1---100---1-1 00000010
0----1111----0 00001000
-0---100--0-0- 00001000
-1---000---11- 00000010
-0---000---00- 00001000
-11--1-1--1--1 00000010
-11--0-0---11- 00000010
0----0001---0- 00001000
----11--101--0 01000000
110---1-0-0--- 00100000
----11111----0 00001000
00---1--101--- 01000000
110---0-0--0-- 00100000
00---0--10-1-- 01000000
----00--10-10- 01000000
-10--10----0-1 00100000
-10--01---0-1- 00100000
----00001---0- 00001000
111---1-0----1 00100000
11--1-1---0--1 00100000
111---0-0---1- 00100000
01---1--10---0 01000000
11--0-0----01- 00100000
01---0--10--0- 01000000
---1---10-11-1 00000100
---1---00-111- 00000100
------1-101-00 00100000
------0-10-100 00100000
1--1------1111 00000100
111-1-1------1 00100000
111-0-0-----1- 00100000
11--11--10---- 01000000
11--00--10---- 01000000
-1-1--1---1-11 00000100
-1-1--0----111 00000100
--10--10---0-1 00000101
--10--01--0-1- 00000101
--------101100 00010000
-------1101-00 00000100
-------010-100 00000100
-11--1-1--0--1 00000100
-11--0-0---01- 00000100
-111-1-1-----1 00000100
-111-0-0----1- 00000100
---------10011 00010000
10---1--0-0--- 01000000
10---0--0--0-- 01000000
0---1-----0-00 00001000
0---0------000 00001000
0000----1----- 00001000
1---11----0--1 01000000
11---1--0----1 01000000
1---00-----01- 01000000
11---0--0---1- 01000000
-0---1----0-00 00001000
-0---0-----000 00001000
-000-1----0--- 00001000
-000-0-----0-- 00001000
--0---11--0--0 00001000
--0---01---0-0 00001000
--0---10--0-0- 00001000
--0---00---00- 00001000
0---1---101--- 10000000
0---0---10-1-- 10000000
1---1---10---0 10000000
--1---11--1--1 00000011
1---0---10--0- 10000000
--1---10---1-1 00000011
--1---01--1-1- 00000011
--1---00---11- 00000011
---1111---1--- 00000010
----1111--1--- 00000010
-1------10--00 01000000
-111-1-------1 00000010
-111-0------1- 00000010
---1000----1-- 00000010
--1111----1--- 00000010
----0000---1-- 00000010
--1-11-1--1--- 00000010
--1100-----1-- 00000010
--1-00-0---1-- 00000010
-1-11-1---1--- 00000010
-1--1-11--1--- 00000010
-1-10-0----1-- 00000010
1--1-11---1--- 00000010
-1--0-00---1-- 00000010
1----111--1--- 00000010
-1111-----1--- 00000010
1--1-00----1-- 00000010
-11-1--1--1--- 00000010
-1110------1-- 00000010
1----000---1-- 00000010
-11-0--0---1-- 00000010
1-11-1----1--- 00000010
1-11-0-----1-- 00000010
1-1--1-1--1--- 00000010
1-1--0-0---1-- 00000010
-1---11---0--1 00100000
11-1--1---1--- 00000010
-1---00----01- 00100000
11-1--0----1-- 00000010
11----11--1--- 00000010
11----00---1-- 00000010
111----1--1--- 00000010
111----0---1-- 00000010
--1-----10--00 00100000
-11--11------1 00100000
-11--00-----1- 00100000
--11--11-----1 00000100
--1---11--0--1 00000101
--11--00----1- 00000100
--1---00---01- 00000101
---1----10--00 00000100
0---1----10--- 10000000
0---0----1-0-- 10000000
1---1----1---1 10000000
1---0----1--1- 10000000
-0---1---10--- 01000000
-0---0---1-0-- 01000000
0---1---0-0--- 10000000
0---0---0--0-- 10000000
-1---1---1---1 01000000
-1---0---1--1- 01000000
1---1---0----1 10000000
1---0---0---1- 10000000
--0---1--10--- 00100000
--0---0--1-0-- 00100000
--1---1--1---1 00100000
--1---0--1--1- 00100000
11----------11 01000000
--00--1---0--- 00001000
--00--0----0-- 00001000
---0---1-10--- 00000100
---0---0-1-0-- 00000100
---1---1-1---1 00000100
-11---------11 00100000
---1---0-1--1- 00000100
--11--1------1 00000011
--11--0-----1- 00000011
1111---------- 00000010
--11--------11 00000100
1---1--------1 00000001
1---0-------1- 00000001
-1---1-------1 00000001
-1---0------1- 00000001
--------1---00 00001000
---1---1-----1 00000011
---1---0----1- 00000011
---0---1--0--- 00001000
---0---0---0-- 00001000
----------11-- 00000010
.e
# WRITE      	Time was 0.00 sec, cost is c=581(0) in=4500 out=652 tot=5152
